<?xml version="1.0" encoding="UTF-8"?>
<!-- Generated by org.testng.reporters.JUnitReportReporter -->
<testsuite skipped="0" hostname="LAPTOP-ENTKVJIU" name="com.org.rayban.DemoTest" tests="1" failures="0" timestamp="12 Mar 2019 15:50:36 GMT" time="15.231" errors="0">
  <testcase name="successfullLogin" time="15.231" classname="com.org.rayban.DemoTest"/>
</testsuite> <!-- com.org.rayban.DemoTest -->
