<?xml version="1.0" encoding="UTF-8"?>
<!-- Generated by org.testng.reporters.JUnitReportReporter -->
<testsuite skipped="0" hostname="LAPTOP-ENTKVJIU" name="com.org.rayban.amazonLoginTest" tests="2" failures="0" timestamp="24 Nov 2019 11:36:38 GMT" time="5.269" errors="0">
  <testcase name="successfullLoginAmazon" time="5.239" classname="com.org.rayban.amazonLoginTest"/>
  <testcase name="amazonPageTitle" time="0.030" classname="com.org.rayban.amazonLoginTest"/>
</testsuite> <!-- com.org.rayban.amazonLoginTest -->
