<?xml version="1.0" encoding="UTF-8"?>
<!-- Generated by org.testng.reporters.JUnitReportReporter -->
<testsuite skipped="0" hostname="LAPTOP-ENTKVJIU" name="com.org.rayban.DemoTest" tests="2" failures="0" timestamp="29 Jun 2018 05:14:23 GMT" time="24.198" errors="0">
  <testcase name="navigateToLoginPagae" time="18.406" classname="com.org.rayban.DemoTest"/>
  <testcase name="successfullLogin" time="5.792" classname="com.org.rayban.DemoTest"/>
</testsuite> <!-- com.org.rayban.DemoTest -->
