<?xml version="1.0" encoding="UTF-8"?>
<!-- Generated by org.testng.reporters.JUnitReportReporter -->
<testsuite skipped="0" hostname="LAPTOP-ENTKVJIU" name="com.org.rayban.DemoTest" tests="2" failures="0" timestamp="27 Jun 2018 14:16:10 GMT" time="23.857" errors="0">
  <testcase name="navigateToLoginPagae" time="19.206" classname="com.org.rayban.DemoTest"/>
  <testcase name="successfullLogin" time="4.651" classname="com.org.rayban.DemoTest"/>
</testsuite> <!-- com.org.rayban.DemoTest -->
