<?xml version="1.0" encoding="UTF-8"?>
<!-- Generated by org.testng.reporters.JUnitReportReporter -->
<testsuite skipped="0" hostname="LAPTOP-ENTKVJIU" name="com.org.rayban.DemoTest" tests="1" failures="0" timestamp="20 Jan 2019 12:40:57 GMT" time="10.600" errors="0">
  <testcase name="successfullLogin" time="10.600" classname="com.org.rayban.DemoTest"/>
</testsuite> <!-- com.org.rayban.DemoTest -->
