<?xml version="1.0" encoding="UTF-8"?>
<!-- Generated by org.testng.reporters.JUnitReportReporter -->
<testsuite skipped="0" hostname="LAPTOP-ENTKVJIU" name="com.org.rayban.DemoTest" tests="2" failures="0" timestamp="04 Jul 2018 05:47:42 GMT" time="23.153" errors="0">
  <testcase name="navigateToLoginPage" time="18.988" classname="com.org.rayban.DemoTest"/>
  <testcase name="successfullLogin" time="4.165" classname="com.org.rayban.DemoTest"/>
</testsuite> <!-- com.org.rayban.DemoTest -->
