<?xml version="1.0" encoding="UTF-8"?>
<!-- Generated by org.testng.reporters.JUnitReportReporter -->
<testsuite skipped="1" hostname="LAPTOP-ENTKVJIU" name="com.org.rayban.DemoTest1" tests="1" failures="0" timestamp="31 Aug 2018 08:48:05 GMT" time="0.000" errors="0">
  <testcase name="successfullLogin" time="0.000" classname="com.org.rayban.DemoTest1">
    <skipped/>
  </testcase> <!-- successfullLogin -->
</testsuite> <!-- com.org.rayban.DemoTest1 -->
