<?xml version="1.0" encoding="UTF-8"?>
<!-- Generated by org.testng.reporters.JUnitReportReporter -->
<testsuite skipped="0" hostname="LAPTOP-ENTKVJIU" name="com.org.rayban.amazonLoginTest" tests="2" failures="0" timestamp="24 Nov 2019 05:11:40 GMT" time="3.445" errors="0">
  <testcase name="successfullLoginAmazon" time="3.401" classname="com.org.rayban.amazonLoginTest"/>
  <testcase name="amazonPageTitle" time="0.044" classname="com.org.rayban.amazonLoginTest"/>
</testsuite> <!-- com.org.rayban.amazonLoginTest -->
